<?xml version="1.0" encoding="UTF-8"?>
<testng-results skipped="0" failed="0" ignored="0" total="1" passed="1">
  <reporter-output>
  </reporter-output>
  <suite name="Wallethu1" duration-ms="65340" started-at="2022-05-14T05:44:14Z" finished-at="2022-05-14T05:45:20Z">
    <groups>
    </groups>
    <test name="wallethub" duration-ms="65340" started-at="2022-05-14T05:44:14Z" finished-at="2022-05-14T05:45:20Z">
      <class name="com.Wallethu1.testCases.TC_LoginTest_001">
        <test-method status="PASS" signature="setup(java.lang.String)[pri:0, instance:com.Wallethu1.testCases.TC_LoginTest_001@464bee09]" name="setup" is-config="true" duration-ms="18484" started-at="2022-05-14T05:44:15Z" finished-at="2022-05-14T05:44:33Z">
          <params>
            <param index="0">
              <value>
                <![CDATA[chrome]]>
              </value>
            </param>
          </params>
          <reporter-output>
          </reporter-output>
        </test-method> <!-- setup -->
        <test-method status="PASS" signature="loginTest()[pri:0, instance:com.Wallethu1.testCases.TC_LoginTest_001@464bee09]" name="loginTest" duration-ms="45696" started-at="2022-05-14T05:44:33Z" finished-at="2022-05-14T05:45:19Z">
          <reporter-output>
          </reporter-output>
        </test-method> <!-- loginTest -->
        <test-method status="PASS" signature="tearDown()[pri:0, instance:com.Wallethu1.testCases.TC_LoginTest_001@464bee09]" name="tearDown" is-config="true" duration-ms="821" started-at="2022-05-14T05:45:19Z" finished-at="2022-05-14T05:45:20Z">
          <reporter-output>
          </reporter-output>
        </test-method> <!-- tearDown -->
      </class> <!-- com.Wallethu1.testCases.TC_LoginTest_001 -->
    </test> <!-- wallethub -->
  </suite> <!-- Wallethu1 -->
</testng-results>
